\BOOKMARK [1][-]{section.1}{\376\377\000I\000n\000t\000r\000o\000d\000u\000c\000t\000i\000o\000n}{}% 1
\BOOKMARK [1][-]{section.2}{\376\377\000V\000a\000r\000i\000a\000t\000i\000o\000n\000a\000l\000\040\000F\000o\000r\000m\000u\000l\000a\000t\000i\000o\000n\000\040\000o\000f\000\040\000t\000h\000e\000\040\000C\000o\000u\000p\000l\000e\000d\000\040\000S\000y\000s\000t\000e\000m}{}% 2
\BOOKMARK [1][-]{section.3}{\376\377\000L\000i\000n\000e\000a\000r\000\040\000S\000t\000a\000b\000i\000l\000i\000t\000y\000\040\000A\000n\000a\000l\000y\000s\000i\000s\000\040\000a\000n\000d\000\040\000t\000h\000e\000\040\000I\000r\000r\000u\000p\000t\000i\000o\000n\000\040\000C\000r\000i\000t\000e\000r\000i\000o\000n}{}% 3
\BOOKMARK [1][-]{section.4}{\376\377\000N\000o\000n\000l\000i\000n\000e\000a\000r\000\040\000E\000n\000e\000r\000g\000y\000\040\000F\000u\000n\000c\000t\000i\000o\000n\000a\000l\000\040\000a\000n\000d\000\040\000G\000l\000o\000b\000a\000l\000\040\000I\000n\000s\000t\000a\000b\000i\000l\000i\000t\000y}{}% 4
\BOOKMARK [1][-]{section.5}{\376\377\000I\000n\000t\000e\000g\000r\000a\000t\000i\000o\000n\000\040\000i\000n\000t\000o\000\040\000t\000h\000e\000\040\000F\000i\000v\000e\000-\000E\000n\000g\000i\000n\000e\000\040\000P\000l\000e\000n\000u\000m\000\040\000A\000r\000c\000h\000i\000t\000e\000c\000t\000u\000r\000e}{}% 5
\BOOKMARK [1][-]{section.6}{\376\377\000E\000n\000t\000r\000o\000p\000y\000\040\000V\000a\000u\000l\000t\000s\000\040\000a\000n\000d\000\040\000C\000r\000a\000c\000k\000\040\000P\000o\000i\000n\000t\000s}{}% 6
\BOOKMARK [1][-]{section.7}{\376\377\000R\000e\000l\000a\000t\000i\000o\000n\000\040\000t\000o\000\040\000P\000o\000i\000n\000c\000a\000r\000\351\000-\000T\000r\000i\000g\000g\000e\000r\000e\000d\000\040\000L\000a\000t\000t\000i\000c\000e\000\040\000R\000e\000c\000r\000y\000s\000t\000a\000l\000l\000i\000z\000a\000t\000i\000o\000n}{}% 7
\BOOKMARK [1][-]{section.8}{\376\377\000N\000e\000u\000t\000r\000i\000n\000o\000\040\000F\000o\000s\000s\000i\000l\000\040\000R\000e\000g\000i\000s\000t\000r\000y\000\040\000a\000s\000\040\000M\000e\000m\000o\000r\000y\000\040\000O\000p\000e\000r\000a\000t\000o\000r}{}% 8
\BOOKMARK [1][-]{section.9}{\376\377\000N\000o\000n\000-\000E\000x\000p\000a\000n\000d\000i\000n\000g\000\040\000C\000o\000s\000m\000o\000l\000o\000g\000i\000c\000a\000l\000\040\000I\000n\000t\000e\000r\000p\000r\000e\000t\000a\000t\000i\000o\000n}{}% 9
\BOOKMARK [1][-]{section.10}{\376\377\000B\000i\000f\000u\000r\000c\000a\000t\000i\000o\000n\000\040\000A\000n\000a\000l\000y\000s\000i\000s}{}% 10
\BOOKMARK [1][-]{section.11}{\376\377\000L\000a\000m\000p\000h\000r\000o\000n\000\040\000a\000n\000d\000\040\000L\000a\000m\000p\000h\000r\000o\000d\000y\000n\000e\000\040\000S\000t\000a\000t\000e\000s}{}% 11
\BOOKMARK [1][-]{section.12}{\376\377\000S\000p\000e\000c\000t\000r\000a\000l\000\040\000D\000e\000c\000o\000m\000p\000o\000s\000i\000t\000i\000o\000n\000\040\000a\000n\000d\000\040\000R\000e\000s\000o\000n\000a\000n\000t\000\040\000S\000t\000r\000u\000c\000t\000u\000r\000e\000\040\000F\000o\000r\000m\000a\000t\000i\000o\000n}{}% 12
\BOOKMARK [1][-]{section.13}{\376\377\000Q\000u\000a\000n\000t\000i\000z\000e\000d\000\040\000S\000c\000a\000l\000a\000r\000\040\000I\000r\000r\000u\000p\000t\000i\000o\000n\000\040\000O\000p\000e\000r\000a\000t\000o\000r}{}% 13
\BOOKMARK [1][-]{section.14}{\376\377\000O\000b\000s\000e\000r\000v\000a\000b\000l\000e\000\040\000C\000o\000n\000s\000e\000q\000u\000e\000n\000c\000e\000s\000\040\000i\000n\000\040\000a\000\040\000N\000o\000n\000-\000E\000x\000p\000a\000n\000d\000i\000n\000g\000\040\000P\000l\000e\000n\000u\000m}{}% 14
\BOOKMARK [1][-]{section.15}{\376\377\000E\000n\000t\000r\000o\000p\000y\000\040\000C\000o\000n\000s\000e\000r\000v\000a\000t\000i\000o\000n\000\040\000a\000n\000d\000\040\000G\000l\000o\000b\000a\000l\000\040\000C\000o\000n\000s\000t\000r\000a\000i\000n\000t\000s}{}% 15
\BOOKMARK [1][-]{section.16}{\376\377\000S\000y\000n\000t\000h\000e\000s\000i\000s\000:\000\040\000S\000c\000a\000l\000a\000r\000\040\000I\000r\000r\000u\000p\000t\000i\000o\000n\000\040\000a\000s\000\040\000E\000n\000t\000r\000o\000p\000i\000c\000\040\000P\000h\000a\000s\000e\000\040\000T\000r\000a\000n\000s\000i\000t\000i\000o\000n}{}% 16
\BOOKMARK [1][-]{section.17}{\376\377\000A\000K\000S\000Z\000/\000B\000V\000\040\000F\000o\000r\000m\000u\000l\000a\000t\000i\000o\000n\000\040\000o\000f\000\040\000S\000c\000a\000l\000a\000r\000\040\000I\000r\000r\000u\000p\000t\000i\000o\000n}{}% 17
\BOOKMARK [1][-]{section.18}{\376\377\000C\000r\000y\000s\000t\000a\000l\000\040\000P\000l\000e\000n\000u\000m\000\040\000D\000i\000s\000c\000r\000e\000t\000i\000z\000a\000t\000i\000o\000n\000\040\000a\000n\000d\000\040\000L\000a\000t\000t\000i\000c\000e\000\040\000R\000e\000a\000l\000i\000z\000a\000t\000i\000o\000n\000\040\000o\000f\000\040\000S\000c\000a\000l\000a\000r\000\040\000I\000r\000r\000u\000p\000t\000i\000o\000n}{}% 18
\BOOKMARK [2][-]{subsection.18.1}{\376\377\000D\000i\000s\000c\000r\000e\000t\000e\000\040\000I\000r\000r\000u\000p\000t\000i\000o\000n\000\040\000C\000r\000i\000t\000e\000r\000i\000o\000n}{section.18}% 19
\BOOKMARK [2][-]{subsection.18.2}{\376\377\000P\000o\000i\000n\000c\000a\000r\000\351\000-\000T\000r\000i\000g\000g\000e\000r\000e\000d\000\040\000L\000a\000t\000t\000i\000c\000e\000\040\000R\000e\000c\000r\000y\000s\000t\000a\000l\000l\000i\000z\000a\000t\000i\000o\000n}{section.18}% 20
\BOOKMARK [2][-]{subsection.18.3}{\376\377\000C\000r\000y\000s\000t\000a\000l\000l\000i\000z\000a\000t\000i\000o\000n\000\040\000A\000f\000t\000e\000r\000\040\000I\000r\000r\000u\000p\000t\000i\000o\000n}{section.18}% 21
\BOOKMARK [2][-]{subsection.18.4}{\376\377\000D\000i\000s\000c\000r\000e\000t\000e\040\023\000C\000o\000n\000t\000i\000n\000u\000o\000u\000s\000\040\000C\000o\000r\000r\000e\000s\000p\000o\000n\000d\000e\000n\000c\000e}{section.18}% 22
\BOOKMARK [1][-]{section.19}{\376\377\000C\000o\000n\000c\000l\000u\000s\000i\000o\000n}{}% 23
