\BOOKMARK [0][-]{chapter*.2}{\376\377\000I\000n\000t\000r\000o\000d\000u\000c\000t\000i\000o\000n}{}% 1
\BOOKMARK [-1][-]{part.1}{\376\377\000I\000\040\000G\000e\000o\000m\000e\000t\000r\000y\000\040\000B\000e\000f\000o\000r\000e\000\040\000S\000t\000r\000u\000c\000t\000u\000r\000e}{}% 2
\BOOKMARK [0][-]{chapter.1}{\376\377\000R\000e\000t\000i\000c\000u\000l\000a\000t\000e\000\040\000S\000p\000a\000c\000e\000\040\000a\000n\000d\000\040\000t\000h\000e\000\040\000G\000e\000o\000m\000e\000t\000r\000y\000\040\000o\000f\000\040\000P\000a\000r\000t\000i\000t\000i\000o\000n}{part.1}% 3
\BOOKMARK [1][-]{section.1.1}{\376\377\000T\000h\000e\000\040\000P\000r\000o\000b\000l\000e\000m\000\040\000o\000f\000\040\000R\000e\000t\000i\000c\000u\000l\000a\000t\000e\000\040\000V\000e\000n\000a\000t\000i\000o\000n}{chapter.1}% 4
\BOOKMARK [1][-]{section.1.2}{\376\377\000H\000y\000d\000a\000t\000h\000o\000d\000e\000s\000\040\000a\000s\000\040\000O\000r\000g\000a\000n\000i\000z\000i\000n\000g\000\040\000C\000e\000n\000t\000e\000r\000s}{chapter.1}% 5
\BOOKMARK [1][-]{section.1.3}{\376\377\000V\000o\000r\000o\000n\000o\000i\000\040\000D\000i\000a\000g\000r\000a\000m\000s\000\040\000i\000n\000\040\000B\000i\000o\000l\000o\000g\000i\000c\000a\000l\000\040\000T\000i\000s\000s\000u\000e}{chapter.1}% 6
\BOOKMARK [1][-]{section.1.4}{\376\377\000P\000a\000r\000t\000i\000t\000i\000o\000n\000\040\000G\000e\000o\000m\000e\000t\000r\000y\000\040\000v\000e\000r\000s\000u\000s\000\040\000T\000r\000a\000n\000s\000p\000o\000r\000t\000\040\000G\000e\000o\000m\000e\000t\000r\000y}{chapter.1}% 7
\BOOKMARK [1][-]{section.1.5}{\376\377\000A\000u\000x\000i\000n\000\040\000D\000y\000n\000a\000m\000i\000c\000s\000\040\000a\000n\000d\000\040\000B\000i\000s\000e\000c\000t\000i\000n\000g\000\040\000S\000t\000r\000u\000c\000t\000u\000r\000e\000s}{chapter.1}% 8
\BOOKMARK [1][-]{section.1.6}{\376\377\000E\000m\000e\000r\000g\000e\000n\000t\000\040\000E\000q\000u\000i\000l\000i\000b\000r\000i\000u\000m\000\040\000P\000a\000r\000t\000i\000t\000i\000o\000n\000i\000n\000g}{chapter.1}% 9
\BOOKMARK [1][-]{section.1.7}{\376\377\000L\000o\000c\000a\000l\000\040\000I\000n\000t\000e\000r\000a\000c\000t\000i\000o\000n\000s\000\040\000a\000n\000d\000\040\000G\000l\000o\000b\000a\000l\000\040\000G\000e\000o\000m\000e\000t\000r\000i\000c\000\040\000C\000o\000h\000e\000r\000e\000n\000c\000e}{chapter.1}% 10
\BOOKMARK [0][-]{chapter.2}{\376\377\000S\000i\000g\000n\000a\000l\000i\000n\000g\000\040\000T\000h\000r\000o\000u\000g\000h\000\040\000a\000\040\000C\000h\000a\000n\000g\000i\000n\000g\000\040\000M\000e\000d\000i\000u\000m}{part.1}% 11
\BOOKMARK [1][-]{section.2.1}{\376\377\000M\000o\000r\000p\000h\000o\000g\000e\000n\000s\000\040\000a\000n\000d\000\040\000T\000i\000s\000s\000u\000e\000\040\000M\000a\000t\000e\000r\000i\000a\000l\000\040\000S\000t\000a\000t\000e}{chapter.2}% 12
\BOOKMARK [1][-]{section.2.2}{\376\377\000R\000i\000g\000i\000d\000i\000t\000y\000\040\000P\000e\000r\000c\000o\000l\000a\000t\000i\000o\000n\000\040\000a\000n\000d\000\040\000t\000h\000e\000\040\000G\000i\000a\000n\000t\000\040\000R\000i\000g\000i\000d\000\040\000C\000l\000u\000s\000t\000e\000r}{chapter.2}% 13
\BOOKMARK [1][-]{section.2.3}{\376\377\000M\000o\000r\000p\000h\000o\000g\000e\000n\000\040\000D\000i\000f\000f\000u\000s\000i\000o\000n\000\040\000a\000s\000\040\000G\000e\000o\000m\000e\000t\000r\000y\000-\000D\000e\000p\000e\000n\000d\000e\000n\000t\000\040\000P\000r\000o\000p\000a\000g\000a\000t\000i\000o\000n}{chapter.2}% 14
\BOOKMARK [1][-]{section.2.4}{\376\377\000O\000p\000t\000o\000g\000e\000n\000e\000t\000i\000c\000\040\000R\000e\000s\000c\000u\000e\000\040\000a\000n\000d\000\040\000C\000a\000u\000s\000a\000l\000\040\000F\000e\000e\000d\000b\000a\000c\000k}{chapter.2}% 15
\BOOKMARK [1][-]{section.2.5}{\376\377\000T\000i\000s\000s\000u\000e\000\040\000G\000e\000o\000m\000e\000t\000r\000y\000\040\000a\000s\000\040\000a\000n\000\040\000A\000c\000t\000i\000v\000e\000\040\000R\000e\000g\000u\000l\000a\000t\000o\000r\000y\000\040\000M\000e\000d\000i\000u\000m}{chapter.2}% 16
\BOOKMARK [0][-]{chapter.3}{\376\377\000C\000r\000i\000t\000i\000c\000a\000l\000i\000t\000y\000\040\000a\000n\000d\000\040\000B\000i\000o\000l\000o\000g\000i\000c\000a\000l\000\040\000O\000r\000g\000a\000n\000i\000z\000a\000t\000i\000o\000n}{part.1}% 17
\BOOKMARK [1][-]{section.3.1}{\376\377\000D\000e\000v\000e\000l\000o\000p\000m\000e\000n\000t\000\040\000N\000e\000a\000r\000\040\000C\000r\000i\000t\000i\000c\000a\000l\000\040\000P\000o\000i\000n\000t\000s}{chapter.3}% 18
\BOOKMARK [1][-]{section.3.2}{\376\377\000F\000l\000u\000i\000d\000-\000l\000i\000k\000e\000\040\000a\000n\000d\000\040\000S\000o\000l\000i\000d\000-\000l\000i\000k\000e\000\040\000T\000i\000s\000s\000u\000e\000\040\000R\000e\000g\000i\000m\000e\000s}{chapter.3}% 19
\BOOKMARK [1][-]{section.3.3}{\376\377\000S\000y\000m\000m\000e\000t\000r\000y\000\040\000B\000r\000e\000a\000k\000i\000n\000g\000\040\000i\000n\000\040\000D\000e\000v\000e\000l\000o\000p\000m\000e\000n\000t\000a\000l\000\040\000S\000y\000s\000t\000e\000m\000s}{chapter.3}% 20
\BOOKMARK [1][-]{section.3.4}{\376\377\000C\000o\000n\000s\000t\000r\000a\000i\000n\000t\000\040\000G\000e\000o\000m\000e\000t\000r\000y\000\040\000a\000s\000\040\000a\000\040\000D\000e\000v\000e\000l\000o\000p\000m\000e\000n\000t\000a\000l\000\040\000P\000r\000i\000n\000c\000i\000p\000l\000e}{chapter.3}% 21
\BOOKMARK [-1][-]{part.2}{\376\377\000I\000I\000\040\000B\000u\000i\000l\000d\000i\000n\000g\000\040\000D\000e\000v\000e\000l\000o\000p\000m\000e\000n\000t\000a\000l\000\040\000S\000p\000a\000c\000e}{}% 22
\BOOKMARK [0][-]{chapter.4}{\376\377\000A\000c\000c\000e\000s\000s\000i\000b\000i\000l\000i\000t\000y\000\040\000L\000a\000n\000d\000s\000c\000a\000p\000e\000s\000\040\000a\000n\000d\000\040\000S\000p\000e\000c\000i\000e\000s\000\040\000D\000i\000f\000f\000e\000r\000e\000n\000c\000e}{part.2}% 23
\BOOKMARK [1][-]{section.4.1}{\376\377\000C\000y\000t\000o\000-\000T\000e\000m\000p\000o\000r\000a\000l\000\040\000G\000e\000n\000e\000\040\000E\000x\000p\000r\000e\000s\000s\000i\000o\000n\000\040\000L\000a\000n\000d\000s\000c\000a\000p\000e\000s}{chapter.4}% 24
\BOOKMARK [1][-]{section.4.2}{\376\377\000D\000e\000v\000e\000l\000o\000p\000m\000e\000n\000t\000a\000l\000\040\000M\000a\000n\000i\000f\000o\000l\000d\000s\000\040\000a\000n\000d\000\040\000T\000r\000a\000j\000e\000c\000t\000o\000r\000y\000\040\000S\000p\000a\000c\000e\000s}{chapter.4}% 25
\BOOKMARK [1][-]{section.4.3}{\376\377\000C\000o\000n\000s\000e\000r\000v\000e\000d\000\040\000G\000e\000n\000e\000s\000\040\000a\000n\000d\000\040\000D\000i\000v\000e\000r\000g\000e\000n\000t\000\040\000A\000c\000c\000e\000s\000s\000i\000b\000i\000l\000i\000t\000y}{chapter.4}% 26
\BOOKMARK [1][-]{section.4.4}{\376\377\000I\000n\000t\000e\000r\000m\000e\000d\000i\000a\000t\000e\000\040\000P\000r\000o\000g\000e\000n\000i\000t\000o\000r\000s\000\040\000a\000s\000\040\000E\000v\000o\000l\000u\000t\000i\000o\000n\000a\000r\000y\000\040\000A\000m\000p\000l\000i\000f\000i\000e\000r\000s}{chapter.4}% 27
\BOOKMARK [1][-]{section.4.5}{\376\377\000H\000e\000t\000e\000r\000o\000c\000h\000r\000o\000n\000y\000\040\000a\000n\000d\000\040\000D\000e\000v\000e\000l\000o\000p\000m\000e\000n\000t\000a\000l\000\040\000P\000a\000c\000i\000n\000g}{chapter.4}% 28
\BOOKMARK [1][-]{section.4.6}{\376\377\000T\000i\000m\000i\000n\000g\000\040\000a\000s\000\040\000A\000c\000c\000e\000s\000s\000i\000b\000i\000l\000i\000t\000y\000\040\000M\000o\000d\000u\000l\000a\000t\000i\000o\000n}{chapter.4}% 29
\BOOKMARK [0][-]{chapter.5}{\376\377\000J\000U\000N\000B\000\040\000a\000n\000d\000\040\000L\000a\000t\000e\000n\000t\000\040\000D\000e\000v\000e\000l\000o\000p\000m\000e\000n\000t\000a\000l\000\040\000P\000r\000o\000g\000r\000a\000m\000s}{part.2}% 30
\BOOKMARK [1][-]{section.5.1}{\376\377\000J\000U\000N\000B\000\040\000a\000s\000\040\000a\000\040\000S\000p\000e\000c\000i\000e\000s\000-\000D\000i\000v\000e\000r\000g\000e\000n\000t\000\040\000R\000e\000g\000u\000l\000a\000t\000o\000r\000y\000\040\000N\000o\000d\000e}{chapter.5}% 31
\BOOKMARK [1][-]{section.5.2}{\376\377\000P\000o\000i\000s\000e\000d\000\040\000b\000u\000t\000\040\000I\000n\000a\000c\000c\000e\000s\000s\000i\000b\000l\000e\000\040\000D\000e\000v\000e\000l\000o\000p\000m\000e\000n\000t\000a\000l\000\040\000P\000r\000o\000g\000r\000a\000m\000s}{chapter.5}% 32
\BOOKMARK [1][-]{section.5.3}{\376\377\000I\000R\000F\0001\000\040\000a\000n\000d\000\040\000U\000p\000s\000t\000r\000e\000a\000m\000\040\000A\000c\000c\000e\000s\000s\000i\000b\000i\000l\000i\000t\000y\000\040\000C\000o\000n\000t\000r\000o\000l}{chapter.5}% 33
\BOOKMARK [1][-]{section.5.4}{\376\377\000H\000u\000m\000a\000n\000-\000l\000i\000k\000e\000\040\000C\000o\000r\000t\000i\000c\000a\000l\000\040\000F\000e\000a\000t\000u\000r\000e\000s\000\040\000i\000n\000\040\000M\000o\000u\000s\000e\000\040\000T\000i\000s\000s\000u\000e}{chapter.5}% 34
\BOOKMARK [1][-]{section.5.5}{\376\377\000E\000v\000o\000l\000u\000t\000i\000o\000n\000\040\000T\000h\000r\000o\000u\000g\000h\000\040\000A\000c\000c\000e\000s\000s\000i\000b\000i\000l\000i\000t\000y\000\040\000M\000o\000d\000u\000l\000a\000t\000i\000o\000n}{chapter.5}% 35
\BOOKMARK [-1][-]{part.3}{\376\377\000I\000I\000I\000\040\000C\000o\000m\000m\000u\000n\000i\000c\000a\000t\000i\000o\000n\000\040\000G\000e\000o\000m\000e\000t\000r\000y}{}% 36
\BOOKMARK [0][-]{chapter.6}{\376\377\000T\000h\000e\000\040\000C\000o\000r\000t\000e\000x\000\040\000a\000s\000\040\000a\000\040\000C\000o\000m\000m\000u\000n\000i\000c\000a\000t\000i\000o\000n\000\040\000M\000a\000c\000h\000i\000n\000e}{part.3}% 37
\BOOKMARK [1][-]{section.6.1}{\376\377\000C\000o\000m\000m\000u\000n\000i\000c\000a\000t\000i\000o\000n\000\040\000B\000e\000y\000o\000n\000d\000\040\000A\000n\000a\000t\000o\000m\000i\000c\000a\000l\000\040\000C\000o\000n\000n\000e\000c\000t\000i\000v\000i\000t\000y}{chapter.6}% 38
\BOOKMARK [1][-]{section.6.2}{\376\377\000L\000o\000w\000-\000D\000i\000m\000e\000n\000s\000i\000o\000n\000a\000l\000\040\000C\000o\000m\000m\000u\000n\000i\000c\000a\000t\000i\000o\000n\000\040\000S\000u\000b\000s\000p\000a\000c\000e\000s}{chapter.6}% 39
\BOOKMARK [1][-]{section.6.3}{\376\377\000F\000e\000e\000d\000f\000o\000r\000w\000a\000r\000d\000\040\000O\000r\000g\000a\000n\000i\000z\000a\000t\000i\000o\000n\000\040\000A\000l\000o\000n\000g\000\040\000t\000h\000e\000\040\000C\000A\0003\040\023\000C\000A\0001\040\023\000R\000S\000C\000\040\000A\000x\000i\000s}{chapter.6}% 40
\BOOKMARK [1][-]{section.6.4}{\376\377\000C\000o\000m\000m\000u\000n\000i\000c\000a\000t\000i\000o\000n\000\040\000G\000e\000o\000m\000e\000t\000r\000y\000\040\000a\000s\000\040\000D\000y\000n\000a\000m\000i\000c\000\040\000O\000r\000g\000a\000n\000i\000z\000a\000t\000i\000o\000n}{chapter.6}% 41
\BOOKMARK [0][-]{chapter.7}{\376\377\000R\000o\000t\000a\000t\000i\000n\000g\000\040\000S\000u\000b\000s\000p\000a\000c\000e\000s\000\040\000a\000n\000d\000\040\000C\000o\000n\000t\000e\000x\000t\000u\000a\000l\000\040\000C\000o\000m\000p\000u\000t\000a\000t\000i\000o\000n}{part.3}% 42
\BOOKMARK [1][-]{section.7.1}{\376\377\000S\000u\000b\000s\000p\000a\000c\000e\000\040\000R\000o\000t\000a\000t\000i\000o\000n\000\040\000a\000n\000d\000\040\000I\000n\000f\000o\000r\000m\000a\000t\000i\000o\000n\000\040\000R\000o\000u\000t\000i\000n\000g}{chapter.7}% 43
\BOOKMARK [1][-]{section.7.2}{\376\377\000T\000h\000e\000\040\000C\000o\000m\000p\000u\000t\000a\000t\000i\000o\000n\000a\000l\000\040\000N\000e\000c\000e\000s\000s\000i\000t\000y\000\040\000o\000f\000\040\000S\000u\000b\000s\000p\000a\000c\000e\000\040\000R\000o\000t\000a\000t\000i\000o\000n}{chapter.7}% 44
\BOOKMARK [1][-]{section.7.3}{\376\377\000W\000h\000y\000\040\000R\000o\000t\000a\000t\000i\000o\000n\000\040\000i\000s\000\040\000C\000o\000m\000p\000u\000t\000a\000t\000i\000o\000n\000a\000l\000l\000y\000\040\000L\000o\000a\000d\000-\000B\000e\000a\000r\000i\000n\000g}{chapter.7}% 45
\BOOKMARK [1][-]{section.7.4}{\376\377\000S\000t\000a\000b\000i\000l\000i\000t\000y\000,\000\040\000P\000l\000a\000s\000t\000i\000c\000i\000t\000y\000,\000\040\000a\000n\000d\000\040\000S\000l\000e\000e\000p\000\040\000R\000e\000p\000l\000a\000y}{chapter.7}% 46
\BOOKMARK [-1][-]{part.4}{\376\377\000I\000V\000\040\000T\000o\000w\000a\000r\000d\000\040\000a\000\040\000T\000h\000e\000o\000r\000y\000\040\000o\000f\000\040\000B\000i\000o\000l\000o\000g\000i\000c\000a\000l\000\040\000O\000r\000g\000a\000n\000i\000z\000a\000t\000i\000o\000n}{}% 47
\BOOKMARK [0][-]{chapter.8}{\376\377\000C\000o\000n\000s\000t\000r\000a\000i\000n\000t\000\040\000G\000e\000o\000m\000e\000t\000r\000y\000\040\000A\000c\000r\000o\000s\000s\000\040\000S\000c\000a\000l\000e\000s}{part.4}% 48
\BOOKMARK [1][-]{section.8.1}{\376\377\000A\000\040\000N\000o\000t\000e\000\040\000o\000n\000\040\000N\000o\000t\000a\000t\000i\000o\000n}{chapter.8}% 49
\BOOKMARK [1][-]{section.8.2}{\376\377\000W\000h\000a\000t\000\040\000C\000o\000u\000n\000t\000s\000\040\000a\000s\000\040\000G\000e\000o\000m\000e\000t\000r\000y\000\040\000i\000n\000\040\000B\000i\000o\000l\000o\000g\000i\000c\000a\000l\000\040\000S\000y\000s\000t\000e\000m\000s}{chapter.8}% 50
\BOOKMARK [1][-]{section.8.3}{\376\377\000P\000a\000r\000t\000i\000t\000i\000o\000n\000\040\000G\000e\000o\000m\000e\000t\000r\000y\000\040\000i\000n\000\040\000L\000e\000a\000v\000e\000s}{chapter.8}% 51
\BOOKMARK [1][-]{section.8.4}{\376\377\000R\000i\000g\000i\000d\000i\000t\000y\000\040\000G\000e\000o\000m\000e\000t\000r\000y\000\040\000i\000n\000\040\000E\000m\000b\000r\000y\000o\000s}{chapter.8}% 52
\BOOKMARK [1][-]{section.8.5}{\376\377\000A\000c\000c\000e\000s\000s\000i\000b\000i\000l\000i\000t\000y\000\040\000G\000e\000o\000m\000e\000t\000r\000y\000\040\000i\000n\000\040\000D\000e\000v\000e\000l\000o\000p\000m\000e\000n\000t}{chapter.8}% 53
\BOOKMARK [1][-]{section.8.6}{\376\377\000C\000o\000m\000m\000u\000n\000i\000c\000a\000t\000i\000o\000n\000\040\000G\000e\000o\000m\000e\000t\000r\000y\000\040\000i\000n\000\040\000C\000o\000r\000t\000e\000x}{chapter.8}% 54
\BOOKMARK [1][-]{section.8.7}{\376\377\000S\000h\000a\000r\000e\000d\000\040\000O\000r\000g\000a\000n\000i\000z\000a\000t\000i\000o\000n\000a\000l\000\040\000P\000r\000i\000n\000c\000i\000p\000l\000e\000s}{chapter.8}% 55
\BOOKMARK [0][-]{chapter.9}{\376\377\000B\000i\000o\000l\000o\000g\000i\000c\000a\000l\000\040\000S\000y\000s\000t\000e\000m\000s\000\040\000a\000s\000\040\000S\000e\000l\000f\000-\000M\000o\000d\000i\000f\000y\000i\000n\000g\000\040\000P\000r\000o\000p\000a\000g\000a\000t\000i\000o\000n\000\040\000M\000e\000d\000i\000a}{part.4}% 56
\BOOKMARK [1][-]{section.9.1}{\376\377\000S\000i\000g\000n\000a\000l\000i\000n\000g\000\040\000T\000h\000a\000t\000\040\000R\000e\000s\000h\000a\000p\000e\000s\000\040\000I\000t\000s\000\040\000O\000w\000n\000\040\000M\000e\000d\000i\000u\000m}{chapter.9}% 57
\BOOKMARK [1][-]{section.9.2}{\376\377\000A\000c\000t\000i\000v\000e\000\040\000M\000e\000d\000i\000a\000\040\000a\000n\000d\000\040\000D\000e\000v\000e\000l\000o\000p\000m\000e\000n\000t\000a\000l\000\040\000C\000o\000m\000p\000u\000t\000a\000t\000i\000o\000n}{chapter.9}% 58
\BOOKMARK [1][-]{section.9.3}{\376\377\000W\000h\000y\000\040\000B\000i\000o\000l\000o\000g\000i\000c\000a\000l\000\040\000S\000y\000s\000t\000e\000m\000s\000\040\000R\000e\000s\000i\000s\000t\000\040\000S\000t\000a\000t\000i\000c\000\040\000D\000e\000s\000c\000r\000i\000p\000t\000i\000o\000n}{chapter.9}% 59
\BOOKMARK [1][-]{section.9.4}{\376\377\000D\000e\000v\000e\000l\000o\000p\000m\000e\000n\000t\000\040\000a\000s\000\040\000a\000\040\000T\000h\000e\000o\000r\000y\000\040\000o\000f\000\040\000E\000v\000o\000l\000v\000i\000n\000g\000\040\000P\000r\000o\000p\000a\000g\000a\000t\000i\000o\000n\000\040\000K\000e\000r\000n\000e\000l\000s}{chapter.9}% 60
\BOOKMARK [0][-]{chapter.10}{\376\377\000H\000o\000w\000\040\000t\000o\000\040\000B\000u\000i\000l\000d\000\040\000a\000\040\000N\000e\000o\000c\000o\000r\000t\000e\000x}{part.4}% 61
\BOOKMARK [1][-]{section.10.1}{\376\377\000W\000h\000y\000\040\000D\000i\000r\000e\000c\000t\000\040\000S\000p\000e\000c\000i\000f\000i\000c\000a\000t\000i\000o\000n\000\040\000F\000a\000i\000l\000s}{chapter.10}% 62
\BOOKMARK [1][-]{section.10.2}{\376\377\000B\000u\000i\000l\000d\000i\000n\000g\000\040\000A\000c\000c\000e\000s\000s\000i\000b\000i\000l\000i\000t\000y\000\040\000R\000a\000t\000h\000e\000r\000\040\000T\000h\000a\000n\000\040\000F\000i\000n\000a\000l\000\040\000F\000o\000r\000m}{chapter.10}% 63
\BOOKMARK [1][-]{section.10.3}{\376\377\000R\000e\000g\000u\000l\000a\000t\000i\000n\000g\000\040\000D\000e\000v\000e\000l\000o\000p\000m\000e\000n\000t\000a\000l\000\040\000T\000r\000a\000j\000e\000c\000t\000o\000r\000i\000e\000s}{chapter.10}% 64
\BOOKMARK [1][-]{section.10.4}{\376\377\000C\000o\000o\000r\000d\000i\000n\000a\000t\000i\000n\000g\000\040\000T\000i\000m\000i\000n\000g\000\040\000A\000c\000r\000o\000s\000s\000\040\000S\000c\000a\000l\000e\000s}{chapter.10}% 65
\BOOKMARK [1][-]{section.10.5}{\376\377\000T\000h\000e\000\040\000N\000e\000o\000c\000o\000r\000t\000e\000x\000\040\000a\000s\000\040\000a\000\040\000D\000y\000n\000a\000m\000i\000c\000a\000l\000l\000y\000\040\000O\000r\000g\000a\000n\000i\000z\000e\000d\000\040\000P\000r\000o\000p\000a\000g\000a\000t\000i\000o\000n\000\040\000S\000t\000r\000u\000c\000t\000u\000r\000e}{chapter.10}% 66
\BOOKMARK [1][-]{section.10.6}{\376\377\000D\000e\000v\000e\000l\000o\000p\000m\000e\000n\000t\000\040\000a\000s\000\040\000C\000o\000n\000t\000r\000o\000l\000l\000e\000d\000\040\000C\000o\000n\000s\000t\000r\000a\000i\000n\000t\000\040\000R\000e\000o\000r\000g\000a\000n\000i\000z\000a\000t\000i\000o\000n}{chapter.10}% 67
\BOOKMARK [1][-]{section.10.7}{\376\377\000P\000r\000e\000d\000i\000c\000t\000i\000v\000e\000\040\000C\000o\000n\000s\000e\000q\000u\000e\000n\000c\000e\000s\000\040\000o\000f\000\040\000t\000h\000e\000\040\000F\000r\000a\000m\000e\000w\000o\000r\000k}{chapter.10}% 68
\BOOKMARK [0][-]{appendix.1.A}{\376\377\000A\000p\000p\000e\000n\000d\000i\000x\000\040\000V\000o\000r\000o\000n\000o\000i\000\040\000G\000e\000o\000m\000e\000t\000r\000y\000\040\000a\000n\000d\000\040\000B\000i\000o\000l\000o\000g\000i\000c\000a\000l\000\040\000P\000a\000r\000t\000i\000t\000i\000o\000n\000\040\000O\000p\000e\000r\000a\000t\000o\000r\000s}{part.4}% 69
\BOOKMARK [1][-]{section.1.A.1}{\376\377\000V\000o\000r\000o\000n\000o\000i\000\040\000C\000e\000l\000l\000s\000\040\000a\000n\000d\000\040\000S\000p\000a\000t\000i\000a\000l\000\040\000P\000a\000r\000t\000i\000t\000i\000o\000n\000i\000n\000g}{appendix.1.A}% 70
\BOOKMARK [1][-]{section.1.A.2}{\376\377\000P\000a\000r\000t\000i\000t\000i\000o\000n\000\040\000O\000p\000e\000r\000a\000t\000o\000r\000s\000\040\000i\000n\000\040\000M\000o\000r\000p\000h\000o\000g\000e\000n\000e\000s\000i\000s}{appendix.1.A}% 71
\BOOKMARK [1][-]{section.1.A.3}{\376\377\000D\000e\000v\000e\000l\000o\000p\000m\000e\000n\000t\000a\000l\000\040\000P\000o\000t\000e\000n\000t\000i\000a\000l\000\040\000F\000i\000e\000l\000d\000s}{appendix.1.A}% 72
\BOOKMARK [0][-]{appendix.1.B}{\376\377\000A\000p\000p\000e\000n\000d\000i\000x\000\040\000R\000i\000g\000i\000d\000i\000t\000y\000\040\000P\000e\000r\000c\000o\000l\000a\000t\000i\000o\000n\000\040\000a\000n\000d\000\040\000T\000i\000s\000s\000u\000e\000\040\000P\000h\000a\000s\000e\000\040\000T\000r\000a\000n\000s\000i\000t\000i\000o\000n\000s}{part.4}% 73
\BOOKMARK [1][-]{section.1.B.1}{\376\377\000C\000e\000l\000l\000u\000l\000a\000r\000\040\000N\000e\000t\000w\000o\000r\000k\000s\000\040\000a\000s\000\040\000M\000e\000c\000h\000a\000n\000i\000c\000a\000l\000\040\000G\000r\000a\000p\000h\000s}{appendix.1.B}% 74
\BOOKMARK [1][-]{section.1.B.2}{\376\377\000M\000o\000r\000p\000h\000o\000g\000e\000n\000\040\000D\000i\000f\000f\000u\000s\000i\000o\000n\000\040\000i\000n\000\040\000D\000y\000n\000a\000m\000i\000c\000\040\000M\000a\000t\000e\000r\000i\000a\000l\000\040\000M\000e\000d\000i\000a}{appendix.1.B}% 75
\BOOKMARK [0][-]{appendix.1.C}{\376\377\000A\000p\000p\000e\000n\000d\000i\000x\000\040\000D\000e\000v\000e\000l\000o\000p\000m\000e\000n\000t\000a\000l\000\040\000A\000c\000c\000e\000s\000s\000i\000b\000i\000l\000i\000t\000y\000\040\000L\000a\000n\000d\000s\000c\000a\000p\000e\000s}{part.4}% 76
\BOOKMARK [1][-]{section.1.C.1}{\376\377\000D\000e\000v\000e\000l\000o\000p\000m\000e\000n\000t\000a\000l\000\040\000S\000t\000a\000t\000e\000\040\000S\000p\000a\000c\000e\000s}{appendix.1.C}% 77
\BOOKMARK [1][-]{section.1.C.2}{\376\377\000C\000o\000n\000s\000e\000r\000v\000e\000d\000\040\000M\000a\000n\000i\000f\000o\000l\000d\000s\000\040\000a\000n\000d\000\040\000D\000i\000v\000e\000r\000g\000e\000n\000t\000\040\000T\000r\000a\000j\000e\000c\000t\000o\000r\000i\000e\000s}{appendix.1.C}% 78
\BOOKMARK [0][-]{appendix.1.D}{\376\377\000A\000p\000p\000e\000n\000d\000i\000x\000\040\000C\000o\000m\000m\000u\000n\000i\000c\000a\000t\000i\000o\000n\000\040\000S\000u\000b\000s\000p\000a\000c\000e\000s\000\040\000a\000n\000d\000\040\000N\000e\000u\000r\000a\000l\000\040\000R\000o\000u\000t\000i\000n\000g}{part.4}% 79
\BOOKMARK [1][-]{section.1.D.1}{\376\377\000P\000o\000p\000u\000l\000a\000t\000i\000o\000n\000\040\000A\000c\000t\000i\000v\000i\000t\000y\000\040\000S\000p\000a\000c\000e\000s\000\040\000a\000n\000d\000\040\000p\000C\000C\000A}{appendix.1.D}% 80
\BOOKMARK [1][-]{section.1.D.2}{\376\377\000P\000r\000i\000n\000c\000i\000p\000a\000l\000\040\000A\000n\000g\000l\000e\000s\000\040\000a\000n\000d\000\040\000S\000u\000b\000s\000p\000a\000c\000e\000\040\000R\000o\000t\000a\000t\000i\000o\000n}{appendix.1.D}% 81
\BOOKMARK [1][-]{section.1.D.3}{\376\377\000S\000e\000l\000e\000c\000t\000i\000v\000e\000\040\000I\000n\000f\000o\000r\000m\000a\000t\000i\000o\000n\000\040\000R\000o\000u\000t\000i\000n\000g}{appendix.1.D}% 82
\BOOKMARK [0][-]{appendix.1.E}{\376\377\000A\000p\000p\000e\000n\000d\000i\000x\000\040\000C\000o\000n\000s\000t\000r\000a\000i\000n\000t\000\040\000G\000e\000o\000m\000e\000t\000r\000y}{part.4}% 83
\BOOKMARK [1][-]{section.1.E.1}{\376\377\000D\000y\000n\000a\000m\000i\000c\000\040\000C\000o\000n\000s\000t\000r\000a\000i\000n\000t\000\040\000O\000p\000e\000r\000a\000t\000o\000r\000s}{appendix.1.E}% 84
\BOOKMARK [1][-]{section.1.E.2}{\376\377\000E\000v\000o\000l\000v\000i\000n\000g\000\040\000C\000o\000n\000s\000t\000r\000a\000i\000n\000t\000\040\000S\000y\000s\000t\000e\000m\000s}{appendix.1.E}% 85
\BOOKMARK [0][-]{appendix.1.F}{\376\377\000A\000p\000p\000e\000n\000d\000i\000x\000\040\000D\000e\000v\000e\000l\000o\000p\000m\000e\000n\000t\000\040\000a\000s\000\040\000G\000e\000o\000m\000e\000t\000r\000y\000\040\000M\000o\000d\000u\000l\000a\000t\000i\000o\000n}{part.4}% 86
\BOOKMARK [1][-]{section.1.F.1}{\376\377\000C\000o\000u\000p\000l\000e\000d\000\040\000S\000i\000g\000n\000a\000l\000i\000n\000g\000-\000G\000e\000o\000m\000e\000t\000r\000y\000\040\000D\000y\000n\000a\000m\000i\000c\000s}{appendix.1.F}% 87
\BOOKMARK [1][-]{section.1.F.2}{\376\377\000A\000c\000t\000i\000v\000e\000\040\000P\000r\000o\000p\000a\000g\000a\000t\000i\000o\000n\000\040\000M\000e\000d\000i\000a}{appendix.1.F}% 88
\BOOKMARK [1][-]{section.1.F.3}{\376\377\000E\000m\000e\000r\000g\000e\000n\000t\000\040\000S\000t\000r\000u\000c\000t\000u\000r\000e\000\040\000T\000h\000r\000o\000u\000g\000h\000\040\000C\000o\000n\000s\000t\000r\000a\000i\000n\000t\000\040\000R\000e\000g\000u\000l\000a\000t\000i\000o\000n}{appendix.1.F}% 89
\BOOKMARK [0][-]{appendix.1.G}{\376\377\000A\000p\000p\000e\000n\000d\000i\000x\000\040\000C\000a\000t\000e\000g\000o\000r\000i\000e\000s\000\040\000o\000f\000\040\000C\000o\000n\000s\000t\000r\000a\000i\000n\000t\000\040\000O\000p\000e\000r\000a\000t\000o\000r\000s}{part.4}% 90
